<?xml version="1.0" encoding="UTF-8"?>
<testsuite xmlns:xsi="http://www.w3.org/2001/XMLSchema-instance" xsi:noNamespaceSchemaLocation="https://maven.apache.org/surefire/maven-surefire-plugin/xsd/surefire-test-report-3.0.xsd" version="3.0" name="com.upskill.runners.TestRunner" time="19.211" tests="14" errors="0" skipped="0" failures="0">
  <properties>
[...]
</properties>
  <testcase name="Validate API user data against database" classname="API with Database Validation" time="8.974">
    <system-out><![CDATA[
@all @database @api @regression @db
Scenario: Validate API user data against database                                      # src/test/resources/features/database_api.feature:19
12:19:46.480 [main] INFO  com.upskill.hooks.Hooks - ======== STARTING: Validate API user data against database [Tags: [@all, @database, @api, @regression, @db]] ========
  Given I prepare a GET request to "/users/1"                                          # com.upskill.stepdefinitions.ApiSteps.iPrepareAGetRequestTo(java.lang.String)
12:19:46.513 [main] INFO  c.upskill.stepdefinitions.ApiSteps - Sending GET request to /users/1
12:19:46.948 [main] INFO  com.upskill.api.ApiClient - GET /users/1
12:19:46.948 [main] INFO  com.upskill.config.ConfigManager - Loading API config for environment: qa (file: config-qa.properties)
12:19:46.948 [main] INFO  com.upskill.config.ConfigManager - Config loaded. Base URL: https://jsonplaceholder.typicode.com
Request method:	GET
Request URI:	https://jsonplaceholder.typicode.com/users/1
Proxy:			<none>
Request params:	<none>
Query params:	<none>
Form params:	<none>
Path params:	<none>
Headers:		Accept=application/json, application/javascript, text/javascript, text/json
				Content-Type=application/json
Cookies:		<none>
Multiparts:		<none>
Body:			<none>
12:19:52.133 [main] INFO  com.upskill.api.ApiClient - Response Status: 200 HTTP/1.1 200 OK
12:19:52.137 [main] DEBUG com.upskill.api.ApiClient - Response Body: {
    "id": 1,
    "name": "Leanne Graham",
    "username": "Bret",
    "email": "Sincere@april.biz",
    "address": {
        "street": "Kulas Light",
        "suite": "Apt. 556",
        "city": "Gwenborough",
        "zipcode": "92998-3874",
        "geo": {
            "lat": "-37.3159",
            "lng": "81.1496"
        }
    },
    "phone": "1-770-736-8031 x56442",
    "website": "hildegard.org",
    "company": {
        "name": "Romaguera-Crona",
        "catchPhrase": "Multi-layered client-server neural-net",
        "bs": "harness real-time e-markets"
    }
}
  When I send the request                                                              # com.upskill.stepdefinitions.ApiSteps.iSendTheRequest()
  Then the response status code should be 200                                          # com.upskill.stepdefinitions.ApiSteps.theResponseStatusCodeShouldBe(int)
12:19:53.896 [main] INFO  c.upskill.stepdefinitions.ApiSteps - Extracted 'name' = Leanne Graham and stored as 'api_user_name'
  And I extract and store the field "name" as "api_user_name"                          # com.upskill.stepdefinitions.ApiSteps.iExtractAndStoreTheField(java.lang.String,java.lang.String)
12:19:53.930 [main] INFO  c.upskill.stepdefinitions.ApiSteps - Extracted 'email' = Sincere@april.biz and stored as 'api_user_email'
  And I extract and store the field "email" as "api_user_email"                        # com.upskill.stepdefinitions.ApiSteps.iExtractAndStoreTheField(java.lang.String,java.lang.String)
12:19:53.946 [main] INFO  com.upskill.db.DatabaseUtil - Connecting to database: jdbc:postgresql://localhost:5432/testdb
12:19:55.027 [main] WARN  com.upskill.db.DatabaseUtil - Could not connect to database: FATAL: password authentication failed for user "testuser". DB steps will be skipped.
12:19:55.027 [main] WARN  c.u.stepdefinitions.DatabaseSteps - Database not available - skipping DB validation. This is expected in demo mode.
  Then if database is available, validate field "name" for user id 1 matches API value # com.upskill.stepdefinitions.DatabaseSteps.validateFieldAgainstDb(java.lang.String,int)
12:19:55.033 [main] INFO  com.upskill.hooks.Hooks - ======== FINISHED: Validate API user data against database [Status: PASSED] ========
]]></system-out>
  </testcase>
  <testcase name="Create test data in DB, call API, validate, then cleanup" classname="API with Database Validation" time="0.31">
    <system-out><![CDATA[
@all @database @api @regression @db
Scenario: Create test data in DB, call API, validate, then cleanup # src/test/resources/features/database_api.feature:32
12:19:55.187 [main] INFO  com.upskill.hooks.Hooks - ======== STARTING: Create test data in DB, call API, validate, then cleanup [Tags: [@all, @database, @api, @regression, @db]] ========
12:19:55.187 [main] INFO  com.upskill.db.DatabaseUtil - Connecting to database: jdbc:postgresql://localhost:5432/testdb
12:19:55.262 [main] WARN  com.upskill.db.DatabaseUtil - Could not connect to database: FATAL: password authentication failed for user "testuser". DB steps will be skipped.
12:19:55.262 [main] WARN  c.u.stepdefinitions.DatabaseSteps - Database not available - skipping test data creation.
  Given I create test data in database for user "test_api_user"    # com.upskill.stepdefinitions.DatabaseSteps.iCreateTestDataInDatabase(java.lang.String)
  Given I prepare a GET request to "/users/1"                      # com.upskill.stepdefinitions.ApiSteps.iPrepareAGetRequestTo(java.lang.String)
12:19:55.268 [main] INFO  c.upskill.stepdefinitions.ApiSteps - Sending GET request to /users/1
12:19:55.270 [main] INFO  com.upskill.api.ApiClient - GET /users/1
Request method:	GET
Request URI:	https://jsonplaceholder.typicode.com/users/1
Proxy:			<none>
Request params:	<none>
Query params:	<none>
Form params:	<none>
Path params:	<none>
Headers:		Accept=application/json, application/javascript, text/javascript, text/json
				Content-Type=application/json
Cookies:		<none>
Multiparts:		<none>
Body:			<none>
12:19:55.419 [main] INFO  com.upskill.api.ApiClient - Response Status: 200 HTTP/1.1 200 OK
12:19:55.421 [main] DEBUG com.upskill.api.ApiClient - Response Body: {
    "id": 1,
    "name": "Leanne Graham",
    "username": "Bret",
    "email": "Sincere@april.biz",
    "address": {
        "street": "Kulas Light",
        "suite": "Apt. 556",
        "city": "Gwenborough",
        "zipcode": "92998-3874",
        "geo": {
            "lat": "-37.3159",
            "lng": "81.1496"
        }
    },
    "phone": "1-770-736-8031 x56442",
    "website": "hildegard.org",
    "company": {
        "name": "Romaguera-Crona",
        "catchPhrase": "Multi-layered client-server neural-net",
        "bs": "harness real-time e-markets"
    }
}
  When I send the request                                          # com.upskill.stepdefinitions.ApiSteps.iSendTheRequest()
  Then the response status code should be 200                      # com.upskill.stepdefinitions.ApiSteps.theResponseStatusCodeShouldBe(int)
12:19:55.425 [main] INFO  com.upskill.db.DatabaseUtil - Connecting to database: jdbc:postgresql://localhost:5432/testdb
12:19:55.480 [main] WARN  com.upskill.db.DatabaseUtil - Could not connect to database: FATAL: password authentication failed for user "testuser". DB steps will be skipped.
12:19:55.480 [main] WARN  c.u.stepdefinitions.DatabaseSteps - Database not available - skipping test data cleanup.
  Then I delete test data from database for user "test_api_user"   # com.upskill.stepdefinitions.DatabaseSteps.iDeleteTestDataFromDatabase(java.lang.String)
12:19:55.484 [main] INFO  com.upskill.hooks.Hooks - ======== FINISHED: Create test data in DB, call API, validate, then cleanup [Status: PASSED] ========
]]></system-out>
  </testcase>
  <testcase name="End-to-end - Create post, retrieve it, validate, and delete" classname="Posts API - End-to-End Test with Cross-Validation" time="1.001">
    <system-out><![CDATA[
@all @posts @api @smoke @qa @regression
Scenario: End-to-end - Create post, retrieve it, validate, and delete # src/test/resources/features/posts_api.feature:17
12:19:55.550 [main] INFO  com.upskill.hooks.Hooks - ======== STARTING: End-to-end - Create post, retrieve it, validate, and delete [Tags: [@all, @posts, @api, @smoke, @qa, @regression]] ========
  Given I prepare a POST request to "/posts" with body                # com.upskill.stepdefinitions.ApiSteps.iPrepareAPostRequestWithBody(java.lang.String,java.lang.String)
12:19:55.554 [main] INFO  c.upskill.stepdefinitions.ApiSteps - Sending POST request to /posts
12:19:55.555 [main] INFO  com.upskill.api.ApiClient - POST /posts with body: {
  "userId": 1,
  "title": "Automation Test Post",
  "body": "This post was created by the API automation framework"
}
Request method:	POST
Request URI:	https://jsonplaceholder.typicode.com/posts
Proxy:			<none>
Request params:	<none>
Query params:	<none>
Form params:	<none>
Path params:	<none>
Headers:		Accept=application/json, application/javascript, text/javascript, text/json
				Content-Type=application/json
Cookies:		<none>
Multiparts:		<none>
Body:
{
    "userId": 1,
    "title": "Automation Test Post",
    "body": "This post was created by the API automation framework"
}
12:19:56.296 [main] INFO  com.upskill.api.ApiClient - Response Status: 201 HTTP/1.1 201 Created
12:19:56.296 [main] DEBUG com.upskill.api.ApiClient - Response Body: {
    "userId": 1,
    "title": "Automation Test Post",
    "body": "This post was created by the API automation framework",
    "id": 101
}
  When I send the request                                             # com.upskill.stepdefinitions.ApiSteps.iSendTheRequest()
  Then the response status code should be 201                         # com.upskill.stepdefinitions.ApiSteps.theResponseStatusCodeShouldBe(int)
12:19:56.317 [main] INFO  c.upskill.stepdefinitions.ApiSteps - Extracted 'id' = 101 and stored as 'new_post_id'
  And I extract and store the field "id" as "new_post_id"             # com.upskill.stepdefinitions.ApiSteps.iExtractAndStoreTheField(java.lang.String,java.lang.String)
  And the response field "title" should be "Automation Test Post"     # com.upskill.stepdefinitions.ApiSteps.theResponseFieldShouldBeString(java.lang.String,java.lang.String)
  And the response field "userId" should be 1                         # com.upskill.stepdefinitions.ApiSteps.theResponseFieldShouldBeInt(java.lang.String,int)
  Given I prepare a GET request to "/users/1"                         # com.upskill.stepdefinitions.ApiSteps.iPrepareAGetRequestTo(java.lang.String)
12:19:56.351 [main] INFO  c.upskill.stepdefinitions.ApiSteps - Sending GET request to /users/1
12:19:56.351 [main] INFO  com.upskill.api.ApiClient - GET /users/1
Request method:	GET
Request URI:	https://jsonplaceholder.typicode.com/users/1
Proxy:			<none>
Request params:	<none>
Query params:	<none>
Form params:	<none>
Path params:	<none>
Headers:		Accept=application/json, application/javascript, text/javascript, text/json
				Content-Type=application/json
Cookies:		<none>
Multiparts:		<none>
Body:			<none>
12:19:56.464 [main] INFO  com.upskill.api.ApiClient - Response Status: 200 HTTP/1.1 200 OK
12:19:56.465 [main] DEBUG com.upskill.api.ApiClient - Response Body: {
    "id": 1,
    "name": "Leanne Graham",
    "username": "Bret",
    "email": "Sincere@april.biz",
    "address": {
        "street": "Kulas Light",
        "suite": "Apt. 556",
        "city": "Gwenborough",
        "zipcode": "92998-3874",
        "geo": {
            "lat": "-37.3159",
            "lng": "81.1496"
        }
    },
    "phone": "1-770-736-8031 x56442",
    "website": "hildegard.org",
    "company": {
        "name": "Romaguera-Crona",
        "catchPhrase": "Multi-layered client-server neural-net",
        "bs": "harness real-time e-markets"
    }
}
  When I send the request                                             # com.upskill.stepdefinitions.ApiSteps.iSendTheRequest()
  Then the response status code should be 200                         # com.upskill.stepdefinitions.ApiSteps.theResponseStatusCodeShouldBe(int)
12:19:56.491 [main] INFO  c.upskill.stepdefinitions.ApiSteps - Extracted 'name' = Leanne Graham and stored as 'post_author_name'
  And I extract and store the field "name" as "post_author_name"      # com.upskill.stepdefinitions.ApiSteps.iExtractAndStoreTheField(java.lang.String,java.lang.String)
12:19:56.516 [main] INFO  c.upskill.stepdefinitions.ApiSteps - Extracted 'id' = 1 and stored as 'author_id'
  And I extract and store the field "id" as "author_id"               # com.upskill.stepdefinitions.ApiSteps.iExtractAndStoreTheField(java.lang.String,java.lang.String)
  Then the stored value "author_id" should equal 1                    # com.upskill.stepdefinitions.ApiSteps.theStoredValueShouldEqual(java.lang.String,int)
12:19:56.518 [main] INFO  com.upskill.hooks.Hooks - ======== FINISHED: End-to-end - Create post, retrieve it, validate, and delete [Status: PASSED] ========
]]></system-out>
  </testcase>
  <testcase name="Get all posts for a specific user and validate count" classname="Posts API - End-to-End Test with Cross-Validation" time="0.145">
    <system-out><![CDATA[
@all @posts @api @regression @qa
Scenario: Get all posts for a specific user and validate count # src/test/resources/features/posts_api.feature:44
12:19:56.538 [main] INFO  com.upskill.hooks.Hooks - ======== STARTING: Get all posts for a specific user and validate count [Tags: [@all, @posts, @api, @regression, @qa]] ========
  Given I prepare a GET request to "/posts" with query params  # com.upskill.stepdefinitions.ApiSteps.iPrepareAGetRequestWithQueryParams(java.lang.String,io.cucumber.datatable.DataTable)
    | key    | value |
    | userId | 1     |
12:19:56.546 [main] INFO  c.upskill.stepdefinitions.ApiSteps - Sending GET request to /posts
12:19:56.547 [main] INFO  com.upskill.api.ApiClient - GET /posts with params: {userId=1}
Request method:	GET
Request URI:	https://jsonplaceholder.typicode.com/posts?userId=1
Proxy:			<none>
Request params:	<none>
Query params:	userId=1
Form params:	<none>
Path params:	<none>
Headers:		Accept=application/json, application/javascript, text/javascript, text/json
				Content-Type=application/json
Cookies:		<none>
Multiparts:		<none>
Body:			<none>
12:19:56.648 [main] INFO  com.upskill.api.ApiClient - Response Status: 200 HTTP/1.1 200 OK
12:19:56.648 [main] DEBUG com.upskill.api.ApiClient - Response Body: [
    {
        "userId": 1,
        "id": 1,
        "title": "sunt aut facere repellat provident occaecati excepturi optio reprehenderit",
        "body": "quia et suscipit\nsuscipit recusandae consequuntur expedita et cum\nreprehenderit molestiae ut ut quas totam\nnostrum rerum est autem sunt rem eveniet architecto"
    },
    {
        "userId": 1,
        "id": 2,
        "title": "qui est esse",
        "body": "est rerum tempore vitae\nsequi sint nihil reprehenderit dolor beatae ea dolores neque\nfugiat blanditiis voluptate porro vel nihil molestiae ut reiciendis\nqui aperiam non debitis possimus qui neque nisi nulla"
    },
    {
        "userId": 1,
        "id": 3,
        "title": "ea molestias quasi exercitationem repellat qui ipsa sit aut",
        "body": "et iusto sed quo iure\nvoluptatem occaecati omnis eligendi aut ad\nvoluptatem doloribus vel accusantium quis pariatur\nmolestiae porro eius odio et labore et velit aut"
    },
    {
        "userId": 1,
        "id": 4,
        "title": "eum et est occaecati",
        "body": "ullam et saepe reiciendis voluptatem adipisci\nsit amet autem assumenda provident rerum culpa\nquis hic commodi nesciunt rem tenetur doloremque ipsam iure\nquis sunt voluptatem rerum illo velit"
    },
    {
        "userId": 1,
        "id": 5,
        "title": "nesciunt quas odio",
        "body": "repudiandae veniam quaerat sunt sed\nalias aut fugiat sit autem sed est\nvoluptatem omnis possimus esse voluptatibus quis\nest aut tenetur dolor neque"
    },
    {
        "userId": 1,
        "id": 6,
        "title": "dolorem eum magni eos aperiam quia",
        "body": "ut aspernatur corporis harum nihil quis provident sequi\nmollitia nobis aliquid molestiae\nperspiciatis et ea nemo ab reprehenderit accusantium quas\nvoluptate dolores velit et doloremque molestiae"
    },
    {
        "userId": 1,
        "id": 7,
        "title": "magnam facilis autem",
        "body": "dolore placeat quibusdam ea quo vitae\nmagni quis enim qui quis quo nemo aut saepe\nquidem repellat excepturi ut quia\nsunt ut sequi eos ea sed quas"
    },
    {
        "userId": 1,
        "id": 8,
        "title": "dolorem dolore est ipsam",
        "body": "dignissimos aperiam dolorem qui eum\nfacilis quibusdam animi sint suscipit qui sint possimus cum\nquaerat magni maiores excepturi\nipsam ut commodi dolor voluptatum modi aut vitae"
    },
    {
        "userId": 1,
        "id": 9,
        "title": "nesciunt iure omnis dolorem tempora et accusantium",
        "body": "consectetur animi nesciunt iure dolore\nenim quia ad\nveniam autem ut quam aut nobis\net est aut quod aut provident voluptas autem voluptas"
    },
    {
        "userId": 1,
        "id": 10,
        "title": "optio molestias id quia eum",
        "body": "quo et expedita modi cum officia vel magni\ndoloribus qui repudiandae\nvero nisi sit\nquos veniam quod sed accusamus veritatis error"
    }
]
  When I send the request                                      # com.upskill.stepdefinitions.ApiSteps.iSendTheRequest()
  Then the response status code should be 200                  # com.upskill.stepdefinitions.ApiSteps.theResponseStatusCodeShouldBe(int)
  And the response should contain a list of posts              # com.upskill.stepdefinitions.ApiSteps.theResponseShouldContainAListOfPosts()
  And the list should have at least 1 items                    # com.upskill.stepdefinitions.ApiSteps.theListShouldHaveAtLeastItems(int)
12:19:56.667 [main] INFO  com.upskill.hooks.Hooks - ======== FINISHED: Get all posts for a specific user and validate count [Status: PASSED] ========
]]></system-out>
  </testcase>
  <testcase name="Get post comments and validate nested data" classname="Posts API - End-to-End Test with Cross-Validation" time="0.108">
    <system-out><![CDATA[
@all @posts @api @regression @qa
Scenario: Get post comments and validate nested data                          # src/test/resources/features/posts_api.feature:54
12:19:56.687 [main] INFO  com.upskill.hooks.Hooks - ======== STARTING: Get post comments and validate nested data [Tags: [@all, @posts, @api, @regression, @qa]] ========
  Given I prepare a GET request to "/posts/1/comments"                        # com.upskill.stepdefinitions.ApiSteps.iPrepareAGetRequestTo(java.lang.String)
12:19:56.688 [main] INFO  c.upskill.stepdefinitions.ApiSteps - Sending GET request to /posts/1/comments
12:19:56.688 [main] INFO  com.upskill.api.ApiClient - GET /posts/1/comments
Request method:	GET
Request URI:	https://jsonplaceholder.typicode.com/posts/1/comments
Proxy:			<none>
Request params:	<none>
Query params:	<none>
Form params:	<none>
Path params:	<none>
Headers:		Accept=application/json, application/javascript, text/javascript, text/json
				Content-Type=application/json
Cookies:		<none>
Multiparts:		<none>
Body:			<none>
12:19:56.747 [main] INFO  com.upskill.api.ApiClient - Response Status: 200 HTTP/1.1 200 OK
12:19:56.747 [main] DEBUG com.upskill.api.ApiClient - Response Body: [
    {
        "postId": 1,
        "id": 1,
        "name": "id labore ex et quam laborum",
        "email": "Eliseo@gardner.biz",
        "body": "laudantium enim quasi est quidem magnam voluptate ipsam eos\ntempora quo necessitatibus\ndolor quam autem quasi\nreiciendis et nam sapiente accusantium"
    },
    {
        "postId": 1,
        "id": 2,
        "name": "quo vero reiciendis velit similique earum",
        "email": "Jayne_Kuhic@sydney.com",
        "body": "est natus enim nihil est dolore omnis voluptatem numquam\net omnis occaecati quod ullam at\nvoluptatem error expedita pariatur\nnihil sint nostrum voluptatem reiciendis et"
    },
    {
        "postId": 1,
        "id": 3,
        "name": "odio adipisci rerum aut animi",
        "email": "Nikita@garfield.biz",
        "body": "quia molestiae reprehenderit quasi aspernatur\naut expedita occaecati aliquam eveniet laudantium\nomnis quibusdam delectus saepe quia accusamus maiores nam est\ncum et ducimus et vero voluptates excepturi deleniti ratione"
    },
    {
        "postId": 1,
        "id": 4,
        "name": "alias odio sit",
        "email": "Lew@alysha.tv",
        "body": "non et atque\noccaecati deserunt quas accusantium unde odit nobis qui voluptatem\nquia voluptas consequuntur itaque dolor\net qui rerum deleniti ut occaecati"
    },
    {
        "postId": 1,
        "id": 5,
        "name": "vero eaque aliquid doloribus et culpa",
        "email": "Hayden@althea.biz",
        "body": "harum non quasi et ratione\ntempore iure ex voluptates in ratione\nharum architecto fugit inventore cupiditate\nvoluptates magni quo et"
    }
]
  When I send the request                                                     # com.upskill.stepdefinitions.ApiSteps.iSendTheRequest()
  Then the response status code should be 200                                 # com.upskill.stepdefinitions.ApiSteps.theResponseStatusCodeShouldBe(int)
  And the response should contain a list of comments                          # com.upskill.stepdefinitions.ApiSteps.theResponseShouldContainAListOfComments()
  And each comment should have fields "id", "postId", "name", "email", "body" # com.upskill.stepdefinitions.ApiSteps.eachCommentShouldHaveFields(java.lang.String,java.lang.String,java.lang.String,java.lang.String,java.lang.String)
  And all "postId" values in the list should be 1                             # com.upskill.stepdefinitions.ApiSteps.allFieldValuesInTheListShouldBe(java.lang.String,int)
12:19:56.781 [main] INFO  com.upskill.hooks.Hooks - ======== FINISHED: Get post comments and validate nested data [Status: PASSED] ========
]]></system-out>
  </testcase>
  <testcase name="API-to-API cross validation - user posts consistency" classname="Posts API - End-to-End Test with Cross-Validation" time="0.246">
    <system-out><![CDATA[
@all @posts @api @smoke @qa
Scenario: API-to-API cross validation - user posts consistency # src/test/resources/features/posts_api.feature:64
12:19:56.793 [main] INFO  com.upskill.hooks.Hooks - ======== STARTING: API-to-API cross validation - user posts consistency [Tags: [@all, @posts, @api, @smoke, @qa]] ========
  Given I prepare a GET request to "/users/1"                  # com.upskill.stepdefinitions.ApiSteps.iPrepareAGetRequestTo(java.lang.String)
12:19:56.794 [main] INFO  c.upskill.stepdefinitions.ApiSteps - Sending GET request to /users/1
12:19:56.794 [main] INFO  com.upskill.api.ApiClient - GET /users/1
Request method:	GET
Request URI:	https://jsonplaceholder.typicode.com/users/1
Proxy:			<none>
Request params:	<none>
Query params:	<none>
Form params:	<none>
Path params:	<none>
Headers:		Accept=application/json, application/javascript, text/javascript, text/json
				Content-Type=application/json
Cookies:		<none>
Multiparts:		<none>
Body:			<none>
12:19:56.867 [main] INFO  com.upskill.api.ApiClient - Response Status: 200 HTTP/1.1 200 OK
12:19:56.867 [main] DEBUG com.upskill.api.ApiClient - Response Body: {
    "id": 1,
    "name": "Leanne Graham",
    "username": "Bret",
    "email": "Sincere@april.biz",
    "address": {
        "street": "Kulas Light",
        "suite": "Apt. 556",
        "city": "Gwenborough",
        "zipcode": "92998-3874",
        "geo": {
            "lat": "-37.3159",
            "lng": "81.1496"
        }
    },
    "phone": "1-770-736-8031 x56442",
    "website": "hildegard.org",
    "company": {
        "name": "Romaguera-Crona",
        "catchPhrase": "Multi-layered client-server neural-net",
        "bs": "harness real-time e-markets"
    }
}
  When I send the request                                      # com.upskill.stepdefinitions.ApiSteps.iSendTheRequest()
  Then the response status code should be 200                  # com.upskill.stepdefinitions.ApiSteps.theResponseStatusCodeShouldBe(int)
12:19:56.890 [main] INFO  c.upskill.stepdefinitions.ApiSteps - Extracted 'id' = 1 and stored as 'user_id'
  And I extract and store the field "id" as "user_id"          # com.upskill.stepdefinitions.ApiSteps.iExtractAndStoreTheField(java.lang.String,java.lang.String)
  Given I prepare a GET request to "/posts" with query params  # com.upskill.stepdefinitions.ApiSteps.iPrepareAGetRequestWithQueryParams(java.lang.String,io.cucumber.datatable.DataTable)
    | key    | value |
    | userId | 1     |
12:19:56.893 [main] INFO  c.upskill.stepdefinitions.ApiSteps - Sending GET request to /posts
12:19:56.894 [main] INFO  com.upskill.api.ApiClient - GET /posts with params: {userId=1}
Request method:	GET
Request URI:	https://jsonplaceholder.typicode.com/posts?userId=1
Proxy:			<none>
Request params:	<none>
Query params:	userId=1
Form params:	<none>
Path params:	<none>
Headers:		Accept=application/json, application/javascript, text/javascript, text/json
				Content-Type=application/json
Cookies:		<none>
Multiparts:		<none>
Body:			<none>
12:19:56.996 [main] INFO  com.upskill.api.ApiClient - Response Status: 200 HTTP/1.1 200 OK
12:19:56.998 [main] DEBUG com.upskill.api.ApiClient - Response Body: [
    {
        "userId": 1,
        "id": 1,
        "title": "sunt aut facere repellat provident occaecati excepturi optio reprehenderit",
        "body": "quia et suscipit\nsuscipit recusandae consequuntur expedita et cum\nreprehenderit molestiae ut ut quas totam\nnostrum rerum est autem sunt rem eveniet architecto"
    },
    {
        "userId": 1,
        "id": 2,
        "title": "qui est esse",
        "body": "est rerum tempore vitae\nsequi sint nihil reprehenderit dolor beatae ea dolores neque\nfugiat blanditiis voluptate porro vel nihil molestiae ut reiciendis\nqui aperiam non debitis possimus qui neque nisi nulla"
    },
    {
        "userId": 1,
        "id": 3,
        "title": "ea molestias quasi exercitationem repellat qui ipsa sit aut",
        "body": "et iusto sed quo iure\nvoluptatem occaecati omnis eligendi aut ad\nvoluptatem doloribus vel accusantium quis pariatur\nmolestiae porro eius odio et labore et velit aut"
    },
    {
        "userId": 1,
        "id": 4,
        "title": "eum et est occaecati",
        "body": "ullam et saepe reiciendis voluptatem adipisci\nsit amet autem assumenda provident rerum culpa\nquis hic commodi nesciunt rem tenetur doloremque ipsam iure\nquis sunt voluptatem rerum illo velit"
    },
    {
        "userId": 1,
        "id": 5,
        "title": "nesciunt quas odio",
        "body": "repudiandae veniam quaerat sunt sed\nalias aut fugiat sit autem sed est\nvoluptatem omnis possimus esse voluptatibus quis\nest aut tenetur dolor neque"
    },
    {
        "userId": 1,
        "id": 6,
        "title": "dolorem eum magni eos aperiam quia",
        "body": "ut aspernatur corporis harum nihil quis provident sequi\nmollitia nobis aliquid molestiae\nperspiciatis et ea nemo ab reprehenderit accusantium quas\nvoluptate dolores velit et doloremque molestiae"
    },
    {
        "userId": 1,
        "id": 7,
        "title": "magnam facilis autem",
        "body": "dolore placeat quibusdam ea quo vitae\nmagni quis enim qui quis quo nemo aut saepe\nquidem repellat excepturi ut quia\nsunt ut sequi eos ea sed quas"
    },
    {
        "userId": 1,
        "id": 8,
        "title": "dolorem dolore est ipsam",
        "body": "dignissimos aperiam dolorem qui eum\nfacilis quibusdam animi sint suscipit qui sint possimus cum\nquaerat magni maiores excepturi\nipsam ut commodi dolor voluptatum modi aut vitae"
    },
    {
        "userId": 1,
        "id": 9,
        "title": "nesciunt iure omnis dolorem tempora et accusantium",
        "body": "consectetur animi nesciunt iure dolore\nenim quia ad\nveniam autem ut quam aut nobis\net est aut quod aut provident voluptas autem voluptas"
    },
    {
        "userId": 1,
        "id": 10,
        "title": "optio molestias id quia eum",
        "body": "quo et expedita modi cum officia vel magni\ndoloribus qui repudiandae\nvero nisi sit\nquos veniam quod sed accusamus veritatis error"
    }
]
  When I send the request                                      # com.upskill.stepdefinitions.ApiSteps.iSendTheRequest()
  Then the response status code should be 200                  # com.upskill.stepdefinitions.ApiSteps.theResponseStatusCodeShouldBe(int)
  And all "userId" values in the list should be 1              # com.upskill.stepdefinitions.ApiSteps.allFieldValuesInTheListShouldBe(java.lang.String,int)
12:19:57.026 [main] INFO  com.upskill.hooks.Hooks - ======== FINISHED: API-to-API cross validation - user posts consistency [Status: PASSED] ========
]]></system-out>
  </testcase>
  <testcase name="GET all users and validate response structure" classname="User API - Complete CRUD Operations" time="0.145">
    <system-out><![CDATA[
@all @users @api @smoke @qa @regression
Scenario: GET all users and validate response structure              # src/test/resources/features/users_api.feature:18
12:19:57.039 [main] INFO  com.upskill.hooks.Hooks - ======== STARTING: GET all users and validate response structure [Tags: [@all, @users, @api, @smoke, @qa, @regression]] ========
  Given I prepare a GET request to "/users"                          # com.upskill.stepdefinitions.ApiSteps.iPrepareAGetRequestTo(java.lang.String)
12:19:57.039 [main] INFO  c.upskill.stepdefinitions.ApiSteps - Sending GET request to /users
12:19:57.039 [main] INFO  com.upskill.api.ApiClient - GET /users
Request method:	GET
Request URI:	https://jsonplaceholder.typicode.com/users
Proxy:			<none>
Request params:	<none>
Query params:	<none>
Form params:	<none>
Path params:	<none>
Headers:		Accept=application/json, application/javascript, text/javascript, text/json
				Content-Type=application/json
Cookies:		<none>
Multiparts:		<none>
Body:			<none>
12:19:57.121 [main] INFO  com.upskill.api.ApiClient - Response Status: 200 HTTP/1.1 200 OK
12:19:57.124 [main] DEBUG com.upskill.api.ApiClient - Response Body: [
    {
        "id": 1,
        "name": "Leanne Graham",
        "username": "Bret",
        "email": "Sincere@april.biz",
        "address": {
            "street": "Kulas Light",
            "suite": "Apt. 556",
            "city": "Gwenborough",
            "zipcode": "92998-3874",
            "geo": {
                "lat": "-37.3159",
                "lng": "81.1496"
            }
        },
        "phone": "1-770-736-8031 x56442",
        "website": "hildegard.org",
        "company": {
            "name": "Romaguera-Crona",
            "catchPhrase": "Multi-layered client-server neural-net",
            "bs": "harness real-time e-markets"
        }
    },
    {
        "id": 2,
        "name": "Ervin Howell",
        "username": "Antonette",
        "email": "Shanna@melissa.tv",
        "address": {
            "street": "Victor Plains",
            "suite": "Suite 879",
            "city": "Wisokyburgh",
            "zipcode": "90566-7771",
            "geo": {
                "lat": "-43.9509",
                "lng": "-34.4618"
            }
        },
        "phone": "010-692-6593 x09125",
        "website": "anastasia.net",
        "company": {
            "name": "Deckow-Crist",
            "catchPhrase": "Proactive didactic contingency",
            "bs": "synergize scalable supply-chains"
        }
    },
    {
        "id": 3,
        "name": "Clementine Bauch",
        "username": "Samantha",
        "email": "Nathan@yesenia.net",
        "address": {
            "street": "Douglas Extension",
            "suite": "Suite 847",
            "city": "McKenziehaven",
            "zipcode": "59590-4157",
            "geo": {
                "lat": "-68.6102",
                "lng": "-47.0653"
            }
        },
        "phone": "1-463-123-4447",
        "website": "ramiro.info",
        "company": {
            "name": "Romaguera-Jacobson",
            "catchPhrase": "Face to face bifurcated interface",
            "bs": "e-enable strategic applications"
        }
    },
    {
        "id": 4,
        "name": "Patricia Lebsack",
        "username": "Karianne",
        "email": "Julianne.OConner@kory.org",
        "address": {
            "street": "Hoeger Mall",
            "suite": "Apt. 692",
            "city": "South Elvis",
            "zipcode": "53919-4257",
            "geo": {
                "lat": "29.4572",
                "lng": "-164.2990"
            }
        },
        "phone": "493-170-9623 x156",
        "website": "kale.biz",
        "company": {
            "name": "Robel-Corkery",
            "catchPhrase": "Multi-tiered zero tolerance productivity",
            "bs": "transition cutting-edge web services"
        }
    },
    {
        "id": 5,
        "name": "Chelsey Dietrich",
        "username": "Kamren",
        "email": "Lucio_Hettinger@annie.ca",
        "address": {
            "street": "Skiles Walks",
            "suite": "Suite 351",
            "city": "Roscoeview",
            "zipcode": "33263",
            "geo": {
                "lat": "-31.8129",
                "lng": "62.5342"
            }
        },
        "phone": "(254)954-1289",
        "website": "demarco.info",
        "company": {
            "name": "Keebler LLC",
            "catchPhrase": "User-centric fault-tolerant solution",
            "bs": "revolutionize end-to-end systems"
        }
    },
    {
        "id": 6,
        "name": "Mrs. Dennis Schulist",
        "username": "Leopoldo_Corkery",
        "email": "Karley_Dach@jasper.info",
        "address": {
            "street": "Norberto Crossing",
            "suite": "Apt. 950",
            "city": "South Christy",
            "zipcode": "23505-1337",
            "geo": {
                "lat": "-71.4197",
                "lng": "71.7478"
            }
        },
        "phone": "1-477-935-8478 x6430",
        "website": "ola.org",
        "company": {
            "name": "Considine-Lockman",
            "catchPhrase": "Synchronised bottom-line interface",
            "bs": "e-enable innovative applications"
        }
    },
    {
        "id": 7,
        "name": "Kurtis Weissnat",
        "username": "Elwyn.Skiles",
        "email": "Telly.Hoeger@billy.biz",
        "address": {
            "street": "Rex Trail",
            "suite": "Suite 280",
            "city": "Howemouth",
            "zipcode": "58804-1099",
            "geo": {
                "lat": "24.8918",
                "lng": "21.8984"
            }
        },
        "phone": "210.067.6132",
        "website": "elvis.io",
        "company": {
            "name": "Johns Group",
            "catchPhrase": "Configurable multimedia task-force",
            "bs": "generate enterprise e-tailers"
        }
    },
    {
        "id": 8,
        "name": "Nicholas Runolfsdottir V",
        "username": "Maxime_Nienow",
        "email": "Sherwood@rosamond.me",
        "address": {
            "street": "Ellsworth Summit",
            "suite": "Suite 729",
            "city": "Aliyaview",
            "zipcode": "45169",
            "geo": {
                "lat": "-14.3990",
                "lng": "-120.7677"
            }
        },
        "phone": "586.493.6943 x140",
        "website": "jacynthe.com",
        "company": {
            "name": "Abernathy Group",
            "catchPhrase": "Implemented secondary concept",
            "bs": "e-enable extensible e-tailers"
        }
    },
    {
        "id": 9,
        "name": "Glenna Reichert",
        "username": "Delphine",
        "email": "Chaim_McDermott@dana.io",
        "address": {
            "street": "Dayna Park",
            "suite": "Suite 449",
            "city": "Bartholomebury",
            "zipcode": "76495-3109",
            "geo": {
                "lat": "24.6463",
                "lng": "-168.8889"
            }
        },
        "phone": "(775)976-6794 x41206",
        "website": "conrad.com",
        "company": {
            "name": "Yost and Sons",
            "catchPhrase": "Switchable contextually-based project",
            "bs": "aggregate real-time technologies"
        }
    },
    {
        "id": 10,
        "name": "Clementina DuBuque",
        "username": "Moriah.Stanton",
        "email": "Rey.Padberg@karina.biz",
        "address": {
            "street": "Kattie Turnpike",
            "suite": "Suite 198",
            "city": "Lebsackbury",
            "zipcode": "31428-2261",
            "geo": {
                "lat": "-38.2386",
                "lng": "57.2232"
            }
        },
        "phone": "024-648-3804",
        "website": "ambrose.net",
        "company": {
            "name": "Hoeger LLC",
            "catchPhrase": "Centralized empowering task-force",
            "bs": "target end-to-end models"
        }
    }
]
  When I send the request                                            # com.upskill.stepdefinitions.ApiSteps.iSendTheRequest()
  Then the response status code should be 200                        # com.upskill.stepdefinitions.ApiSteps.theResponseStatusCodeShouldBe(int)
12:19:57.134 [main] INFO  c.upskill.stepdefinitions.ApiSteps - Response contains 10 users
  And the response should contain a list of users                    # com.upskill.stepdefinitions.ApiSteps.theResponseShouldContainAListOfUsers()
  And each user should have fields "id", "name", "email", "username" # com.upskill.stepdefinitions.ApiSteps.eachUserShouldHaveFields(java.lang.String,java.lang.String,java.lang.String,java.lang.String)
12:19:57.150 [main] INFO  c.upskill.stepdefinitions.ApiSteps - Response time: 58ms (max allowed: 5000ms)
  And the response time should be less than 5000 milliseconds        # com.upskill.stepdefinitions.ApiSteps.theResponseTimeShouldBeLessThan(int)
12:19:57.160 [main] INFO  com.upskill.hooks.Hooks - ======== FINISHED: GET all users and validate response structure [Status: PASSED] ========
]]></system-out>
  </testcase>
  <testcase name="GET a single user by ID and validate fields" classname="User API - Complete CRUD Operations" time="0.215">
    <system-out><![CDATA[
@all @users @api @smoke @qa @regression
Scenario: GET a single user by ID and validate fields                # src/test/resources/features/users_api.feature:27
12:19:57.177 [main] INFO  com.upskill.hooks.Hooks - ======== STARTING: GET a single user by ID and validate fields [Tags: [@all, @users, @api, @smoke, @qa, @regression]] ========
  Given I prepare a GET request to "/users/1"                        # com.upskill.stepdefinitions.ApiSteps.iPrepareAGetRequestTo(java.lang.String)
12:19:57.186 [main] INFO  c.upskill.stepdefinitions.ApiSteps - Sending GET request to /users/1
12:19:57.187 [main] INFO  com.upskill.api.ApiClient - GET /users/1
Request method:	GET
Request URI:	https://jsonplaceholder.typicode.com/users/1
Proxy:			<none>
Request params:	<none>
Query params:	<none>
Form params:	<none>
Path params:	<none>
Headers:		Accept=application/json, application/javascript, text/javascript, text/json
				Content-Type=application/json
Cookies:		<none>
Multiparts:		<none>
Body:			<none>
12:19:57.261 [main] INFO  com.upskill.api.ApiClient - Response Status: 200 HTTP/1.1 200 OK
12:19:57.262 [main] DEBUG com.upskill.api.ApiClient - Response Body: {
    "id": 1,
    "name": "Leanne Graham",
    "username": "Bret",
    "email": "Sincere@april.biz",
    "address": {
        "street": "Kulas Light",
        "suite": "Apt. 556",
        "city": "Gwenborough",
        "zipcode": "92998-3874",
        "geo": {
            "lat": "-37.3159",
            "lng": "81.1496"
        }
    },
    "phone": "1-770-736-8031 x56442",
    "website": "hildegard.org",
    "company": {
        "name": "Romaguera-Crona",
        "catchPhrase": "Multi-layered client-server neural-net",
        "bs": "harness real-time e-markets"
    }
}
  When I send the request                                            # com.upskill.stepdefinitions.ApiSteps.iSendTheRequest()
  Then the response status code should be 200                        # com.upskill.stepdefinitions.ApiSteps.theResponseStatusCodeShouldBe(int)
  And the response field "id" should be 1                            # com.upskill.stepdefinitions.ApiSteps.theResponseFieldShouldBeInt(java.lang.String,int)
  And the response field "name" should be "Leanne Graham"            # com.upskill.stepdefinitions.ApiSteps.theResponseFieldShouldBeString(java.lang.String,java.lang.String)
  And the response field "email" should be "Sincere@april.biz"       # com.upskill.stepdefinitions.ApiSteps.theResponseFieldShouldBeString(java.lang.String,java.lang.String)
12:19:57.387 [main] INFO  c.upskill.stepdefinitions.ApiSteps - Extracted 'username' = Bret and stored as 'fetched_username'
  And I extract and store the field "username" as "fetched_username" # com.upskill.stepdefinitions.ApiSteps.iExtractAndStoreTheField(java.lang.String,java.lang.String)
12:19:57.388 [main] INFO  com.upskill.hooks.Hooks - ======== FINISHED: GET a single user by ID and validate fields [Status: PASSED] ========
]]></system-out>
  </testcase>
  <testcase name="GET user with query parameters" classname="User API - Complete CRUD Operations" time="0.793">
    <system-out><![CDATA[
@all @users @api @smoke @qa
Scenario: GET user with query parameters                      # src/test/resources/features/users_api.feature:37
12:19:57.396 [main] INFO  com.upskill.hooks.Hooks - ======== STARTING: GET user with query parameters [Tags: [@all, @users, @api, @smoke, @qa]] ========
  Given I prepare a GET request to "/users" with query params # com.upskill.stepdefinitions.ApiSteps.iPrepareAGetRequestWithQueryParams(java.lang.String,io.cucumber.datatable.DataTable)
    | key      | value |
    | username | Bret  |
12:19:57.396 [main] INFO  c.upskill.stepdefinitions.ApiSteps - Sending GET request to /users
12:19:57.396 [main] INFO  com.upskill.api.ApiClient - GET /users with params: {username=Bret}
Request method:	GET
Request URI:	https://jsonplaceholder.typicode.com/users?username=Bret
Proxy:			<none>
Request params:	<none>
Query params:	username=Bret
Form params:	<none>
Path params:	<none>
Headers:		Accept=application/json, application/javascript, text/javascript, text/json
				Content-Type=application/json
Cookies:		<none>
Multiparts:		<none>
Body:			<none>
12:19:58.116 [main] INFO  com.upskill.api.ApiClient - Response Status: 200 HTTP/1.1 200 OK
12:19:58.116 [main] DEBUG com.upskill.api.ApiClient - Response Body: [
    {
        "id": 1,
        "name": "Leanne Graham",
        "username": "Bret",
        "email": "Sincere@april.biz",
        "address": {
            "street": "Kulas Light",
            "suite": "Apt. 556",
            "city": "Gwenborough",
            "zipcode": "92998-3874",
            "geo": {
                "lat": "-37.3159",
                "lng": "81.1496"
            }
        },
        "phone": "1-770-736-8031 x56442",
        "website": "hildegard.org",
        "company": {
            "name": "Romaguera-Crona",
            "catchPhrase": "Multi-layered client-server neural-net",
            "bs": "harness real-time e-markets"
        }
    }
]
  When I send the request                                     # com.upskill.stepdefinitions.ApiSteps.iSendTheRequest()
  Then the response status code should be 200                 # com.upskill.stepdefinitions.ApiSteps.theResponseStatusCodeShouldBe(int)
12:19:58.116 [main] INFO  c.upskill.stepdefinitions.ApiSteps - Response contains 1 users
  And the response should contain a list of users             # com.upskill.stepdefinitions.ApiSteps.theResponseShouldContainAListOfUsers()
  And the first user's "username" should be "Bret"            # com.upskill.stepdefinitions.ApiSteps.theFirstUserFieldShouldBe(java.lang.String,java.lang.String)
12:19:58.180 [main] INFO  com.upskill.hooks.Hooks - ======== FINISHED: GET user with query parameters [Status: PASSED] ========
]]></system-out>
  </testcase>
  <testcase name="POST - Create a new user" classname="User API - Complete CRUD Operations" time="0.303">
    <system-out><![CDATA[
@all @users @api @regression @qa
Scenario: POST - Create a new user                            # src/test/resources/features/users_api.feature:47
12:19:58.187 [main] INFO  com.upskill.hooks.Hooks - ======== STARTING: POST - Create a new user [Tags: [@all, @users, @api, @regression, @qa]] ========
  Given I prepare a POST request to "/users" with body        # com.upskill.stepdefinitions.ApiSteps.iPrepareAPostRequestWithBody(java.lang.String,java.lang.String)
12:19:58.187 [main] INFO  c.upskill.stepdefinitions.ApiSteps - Sending POST request to /users
12:19:58.187 [main] INFO  com.upskill.api.ApiClient - POST /users with body: {
  "name": "John Automation",
  "username": "johnauto",
  "email": "john.auto@test.com",
  "phone": "1-555-123-4567"
}
Request method:	POST
Request URI:	https://jsonplaceholder.typicode.com/users
Proxy:			<none>
Request params:	<none>
Query params:	<none>
Form params:	<none>
Path params:	<none>
Headers:		Accept=application/json, application/javascript, text/javascript, text/json
				Content-Type=application/json
Cookies:		<none>
Multiparts:		<none>
Body:
{
    "name": "John Automation",
    "username": "johnauto",
    "email": "john.auto@test.com",
    "phone": "1-555-123-4567"
}
12:19:58.446 [main] INFO  com.upskill.api.ApiClient - Response Status: 201 HTTP/1.1 201 Created
12:19:58.446 [main] DEBUG com.upskill.api.ApiClient - Response Body: {
    "name": "John Automation",
    "username": "johnauto",
    "email": "john.auto@test.com",
    "phone": "1-555-123-4567",
    "id": 11
}
  When I send the request                                     # com.upskill.stepdefinitions.ApiSteps.iSendTheRequest()
  Then the response status code should be 201                 # com.upskill.stepdefinitions.ApiSteps.theResponseStatusCodeShouldBe(int)
  And the response field "name" should be "John Automation"   # com.upskill.stepdefinitions.ApiSteps.theResponseFieldShouldBeString(java.lang.String,java.lang.String)
  And the response field "id" should not be null              # com.upskill.stepdefinitions.ApiSteps.theResponseFieldShouldNotBeNull(java.lang.String)
12:19:58.486 [main] INFO  c.upskill.stepdefinitions.ApiSteps - Extracted 'id' = 11 and stored as 'created_user_id'
  And I extract and store the field "id" as "created_user_id" # com.upskill.stepdefinitions.ApiSteps.iExtractAndStoreTheField(java.lang.String,java.lang.String)
12:19:58.487 [main] INFO  com.upskill.hooks.Hooks - ======== FINISHED: POST - Create a new user [Status: PASSED] ========
]]></system-out>
  </testcase>
  <testcase name="PUT - Full update of user" classname="User API - Complete CRUD Operations" time="0.748">
    <system-out><![CDATA[
@all @users @api @regression @qa
Scenario: PUT - Full update of user                           # src/test/resources/features/users_api.feature:64
12:19:58.493 [main] INFO  com.upskill.hooks.Hooks - ======== STARTING: PUT - Full update of user [Tags: [@all, @users, @api, @regression, @qa]] ========
  Given I prepare a PUT request to "/users/1" with body       # com.upskill.stepdefinitions.ApiSteps.iPrepareAPutRequestWithBody(java.lang.String,java.lang.String)
12:19:58.493 [main] INFO  c.upskill.stepdefinitions.ApiSteps - Sending PUT request to /users/1
12:19:58.493 [main] INFO  com.upskill.api.ApiClient - PUT /users/1 with body: {
  "id": 1,
  "name": "Updated User Name",
  "username": "updateduser",
  "email": "updated@test.com"
}
Request method:	PUT
Request URI:	https://jsonplaceholder.typicode.com/users/1
Proxy:			<none>
Request params:	<none>
Query params:	<none>
Form params:	<none>
Path params:	<none>
Headers:		Accept=application/json, application/javascript, text/javascript, text/json
				Content-Type=application/json
Cookies:		<none>
Multiparts:		<none>
Body:
{
    "id": 1,
    "name": "Updated User Name",
    "username": "updateduser",
    "email": "updated@test.com"
}
12:19:59.167 [main] INFO  com.upskill.api.ApiClient - Response Status: 200 HTTP/1.1 200 OK
12:19:59.167 [main] DEBUG com.upskill.api.ApiClient - Response Body: {
    "id": 1,
    "name": "Updated User Name",
    "username": "updateduser",
    "email": "updated@test.com"
}
  When I send the request                                     # com.upskill.stepdefinitions.ApiSteps.iSendTheRequest()
  Then the response status code should be 200                 # com.upskill.stepdefinitions.ApiSteps.theResponseStatusCodeShouldBe(int)
  And the response field "name" should be "Updated User Name" # com.upskill.stepdefinitions.ApiSteps.theResponseFieldShouldBeString(java.lang.String,java.lang.String)
  And the response field "email" should be "updated@test.com" # com.upskill.stepdefinitions.ApiSteps.theResponseFieldShouldBeString(java.lang.String,java.lang.String)
12:19:59.228 [main] INFO  com.upskill.hooks.Hooks - ======== FINISHED: PUT - Full update of user [Status: PASSED] ========
]]></system-out>
  </testcase>
  <testcase name="PATCH - Partial update of user email" classname="User API - Complete CRUD Operations" time="0.321">
    <system-out><![CDATA[
@all @users @api @regression @qa
Scenario: PATCH - Partial update of user email                           # src/test/resources/features/users_api.feature:80
12:19:59.246 [main] INFO  com.upskill.hooks.Hooks - ======== STARTING: PATCH - Partial update of user email [Tags: [@all, @users, @api, @regression, @qa]] ========
  Given I prepare a PATCH request to "/users/1" with body                # com.upskill.stepdefinitions.ApiSteps.iPrepareAPatchRequestWithBody(java.lang.String,java.lang.String)
12:19:59.246 [main] INFO  c.upskill.stepdefinitions.ApiSteps - Sending PATCH request to /users/1
12:19:59.246 [main] INFO  com.upskill.api.ApiClient - PATCH /users/1 with body: {
  "email": "patched.email@newdomain.com"
}
Request method:	PATCH
Request URI:	https://jsonplaceholder.typicode.com/users/1
Proxy:			<none>
Request params:	<none>
Query params:	<none>
Form params:	<none>
Path params:	<none>
Headers:		Accept=application/json, application/javascript, text/javascript, text/json
				Content-Type=application/json
Cookies:		<none>
Multiparts:		<none>
Body:
{
    "email": "patched.email@newdomain.com"
}
12:19:59.538 [main] INFO  com.upskill.api.ApiClient - Response Status: 200 HTTP/1.1 200 OK
12:19:59.540 [main] DEBUG com.upskill.api.ApiClient - Response Body: {
    "id": 1,
    "name": "Leanne Graham",
    "username": "Bret",
    "email": "patched.email@newdomain.com",
    "address": {
        "street": "Kulas Light",
        "suite": "Apt. 556",
        "city": "Gwenborough",
        "zipcode": "92998-3874",
        "geo": {
            "lat": "-37.3159",
            "lng": "81.1496"
        }
    },
    "phone": "1-770-736-8031 x56442",
    "website": "hildegard.org",
    "company": {
        "name": "Romaguera-Crona",
        "catchPhrase": "Multi-layered client-server neural-net",
        "bs": "harness real-time e-markets"
    }
}
  When I send the request                                                # com.upskill.stepdefinitions.ApiSteps.iSendTheRequest()
  Then the response status code should be 200                            # com.upskill.stepdefinitions.ApiSteps.theResponseStatusCodeShouldBe(int)
  And the response field "email" should be "patched.email@newdomain.com" # com.upskill.stepdefinitions.ApiSteps.theResponseFieldShouldBeString(java.lang.String,java.lang.String)
12:19:59.550 [main] INFO  com.upskill.hooks.Hooks - ======== FINISHED: PATCH - Partial update of user email [Status: PASSED] ========
]]></system-out>
  </testcase>
  <testcase name="DELETE - Remove a user" classname="User API - Complete CRUD Operations" time="0.713">
    <system-out><![CDATA[
@all @users @api @regression @qa
Scenario: DELETE - Remove a user                 # src/test/resources/features/users_api.feature:92
12:19:59.567 [main] INFO  com.upskill.hooks.Hooks - ======== STARTING: DELETE - Remove a user [Tags: [@all, @users, @api, @regression, @qa]] ========
  Given I prepare a DELETE request to "/users/1" # com.upskill.stepdefinitions.ApiSteps.iPrepareADeleteRequestTo(java.lang.String)
12:19:59.571 [main] INFO  c.upskill.stepdefinitions.ApiSteps - Sending DELETE request to /users/1
12:19:59.571 [main] INFO  com.upskill.api.ApiClient - DELETE /users/1
Request method:	DELETE
Request URI:	https://jsonplaceholder.typicode.com/users/1
Proxy:			<none>
Request params:	<none>
Query params:	<none>
Form params:	<none>
Path params:	<none>
Headers:		Accept=application/json, application/javascript, text/javascript, text/json
				Content-Type=application/json
Cookies:		<none>
Multiparts:		<none>
Body:			<none>
12:20:00.256 [main] INFO  com.upskill.api.ApiClient - Response Status: 200 HTTP/1.1 200 OK
12:20:00.262 [main] DEBUG com.upskill.api.ApiClient - Response Body: {
    
}
  When I send the request                        # com.upskill.stepdefinitions.ApiSteps.iSendTheRequest()
  Then the response status code should be 200    # com.upskill.stepdefinitions.ApiSteps.theResponseStatusCodeShouldBe(int)
12:20:00.265 [main] INFO  com.upskill.hooks.Hooks - ======== FINISHED: DELETE - Remove a user [Status: PASSED] ========
]]></system-out>
  </testcase>
  <testcase name="GET non-existent user returns 404" classname="User API - Complete CRUD Operations" time="0.74">
    <system-out><![CDATA[
@all @users @api @regression
Scenario: GET non-existent user returns 404       # src/test/resources/features/users_api.feature:98
12:20:00.283 [main] INFO  com.upskill.hooks.Hooks - ======== STARTING: GET non-existent user returns 404 [Tags: [@all, @users, @api, @regression]] ========
  Given I prepare a GET request to "/users/99999" # com.upskill.stepdefinitions.ApiSteps.iPrepareAGetRequestTo(java.lang.String)
12:20:00.285 [main] INFO  c.upskill.stepdefinitions.ApiSteps - Sending GET request to /users/99999
12:20:00.285 [main] INFO  com.upskill.api.ApiClient - GET /users/99999
Request method:	GET
Request URI:	https://jsonplaceholder.typicode.com/users/99999
Proxy:			<none>
Request params:	<none>
Query params:	<none>
Form params:	<none>
Path params:	<none>
Headers:		Accept=application/json, application/javascript, text/javascript, text/json
				Content-Type=application/json
Cookies:		<none>
Multiparts:		<none>
Body:			<none>
12:20:01.002 [main] INFO  com.upskill.api.ApiClient - Response Status: 404 HTTP/1.1 404 Not Found
12:20:01.002 [main] DEBUG com.upskill.api.ApiClient - Response Body: {
    
}
  When I send the request                         # com.upskill.stepdefinitions.ApiSteps.iSendTheRequest()
  Then the response status code should be 404     # com.upskill.stepdefinitions.ApiSteps.theResponseStatusCodeShouldBe(int)
12:20:01.002 [main] INFO  com.upskill.hooks.Hooks - ======== FINISHED: GET non-existent user returns 404 [Status: PASSED] ========
]]></system-out>
  </testcase>
</testsuite>